<?xml version="1.0" encoding="UTF-8"?>
<testsuite name="com.vertil.pos.core.CashEngineTest" tests="4" skipped="0" failures="0" errors="0" timestamp="2026-09-14T03:34:18" hostname="c-6aa75497-14d96228-a9c1a7f8dcd1" time="0.009">
  <properties/>
  <testcase name="negative counted is invalid" classname="com.vertil.pos.core.CashEngineTest" time="0.006"/>
  <testcase name="negative opening is invalid" classname="com.vertil.pos.core.CashEngineTest" time="0.0"/>
  <testcase name="difference is counted minus expected" classname="com.vertil.pos.core.CashEngineTest" time="0.001"/>
  <testcase name="expected balance is opening plus movements" classname="com.vertil.pos.core.CashEngineTest" time="0.001"/>
  <system-out><![CDATA[]]></system-out>
  <system-err><![CDATA[]]></system-err>
</testsuite>
