<?xml version="1.0" encoding="UTF-8"?>
<testsuite name="com.vertil.pos.core.RolePermissionsTest" tests="6" skipped="0" failures="0" errors="0" timestamp="2026-09-14T03:34:18" hostname="c-6aa75497-14d96228-a9c1a7f8dcd1" time="0.044">
  <properties/>
  <testcase name="ADMIN has all permissions" classname="com.vertil.pos.core.RolePermissionsTest" time="0.035"/>
  <testcase name="MANAGER can adjust inventory" classname="com.vertil.pos.core.RolePermissionsTest" time="0.0"/>
  <testcase name="CASHIER can access POS" classname="com.vertil.pos.core.RolePermissionsTest" time="0.002"/>
  <testcase name="CASHIER cannot manage users" classname="com.vertil.pos.core.RolePermissionsTest" time="0.001"/>
  <testcase name="MANAGER cannot manage users" classname="com.vertil.pos.core.RolePermissionsTest" time="0.001"/>
  <testcase name="CASHIER cannot adjust inventory" classname="com.vertil.pos.core.RolePermissionsTest" time="0.002"/>
  <system-out><![CDATA[]]></system-out>
  <system-err><![CDATA[]]></system-err>
</testsuite>
