<?xml version="1.0" encoding="UTF-8"?>
<testsuite name="com.vertil.pos.core.SalesEngineTest" tests="7" skipped="0" failures="0" errors="0" timestamp="2026-09-14T03:34:18" hostname="c-6aa75497-14d96228-a9c1a7f8dcd1" time="0.031">
  <properties/>
  <testcase name="next sale number formats correctly" classname="com.vertil.pos.core.SalesEngineTest" time="0.001"/>
  <testcase name="subtotal sums all items" classname="com.vertil.pos.core.SalesEngineTest" time="0.009"/>
  <testcase name="change is correct when sufficient" classname="com.vertil.pos.core.SalesEngineTest" time="0.001"/>
  <testcase name="change is null when insufficient payment" classname="com.vertil.pos.core.SalesEngineTest" time="0.001"/>
  <testcase name="cart validation fails on insufficient stock" classname="com.vertil.pos.core.SalesEngineTest" time="0.01"/>
  <testcase name="cart validation fails on zero quantity" classname="com.vertil.pos.core.SalesEngineTest" time="0.002"/>
  <testcase name="tax is percent of subtotal minus discount" classname="com.vertil.pos.core.SalesEngineTest" time="0.001"/>
  <system-out><![CDATA[]]></system-out>
  <system-err><![CDATA[]]></system-err>
</testsuite>
